[0.025s] Invoking command in '/home/betsybot/HesaiLidar_ROS_2.0/build/hesai_ros_driver': CFLAGS=-I/usr/local/lib/python3.x/dist-packages/numpy/core/include/ CMAKE_PREFIX_PATH=${CMAKE_PREFIX_PATH}:/opt/ros/humble /usr/bin/cmake /home/betsybot/HesaiLidar_ROS_2.0 -DCMAKE_INSTALL_PREFIX=/home/betsybot/HesaiLidar_ROS_2.0/install/hesai_ros_driver
[0.152s] -- The C compiler identification is GNU 11.4.0
[0.264s] -- The CXX compiler identification is GNU 11.4.0
[0.279s] -- Detecting C compiler ABI info
[0.437s] -- Detecting C compiler ABI info - done
[0.453s] -- Check for working C compiler: /usr/bin/cc - skipped
[0.454s] -- Detecting C compile features
[0.454s] -- Detecting C compile features - done
[0.461s] -- Detecting CXX compiler ABI info
[0.605s] -- Detecting CXX compiler ABI info - done
[0.629s] -- Check for working CXX compiler: /usr/bin/c++ - skipped
[0.630s] -- Detecting CXX compile features
[0.631s] -- Detecting CXX compile features - done
[0.635s] -- cuda not found!
[0.635s] [0m=============================================================[0m
[0.635s] [0m-- ROS_VERSION is 2[0m
[0.635s] [0m=============================================================[0m
[1.421s] -- Found Python3: /usr/bin/python3 (found version "3.10.12") found components: Interpreter 
[1.779s] -- Found rosidl_generator_c: 3.1.7 (/opt/ros/humble/share/rosidl_generator_c/cmake)
[1.791s] -- Found rosidl_adapter: 3.1.7 (/opt/ros/humble/share/rosidl_adapter/cmake)
[1.809s] -- Found rosidl_generator_cpp: 3.1.7 (/opt/ros/humble/share/rosidl_generator_cpp/cmake)
[1.836s] -- Using all available rosidl_typesupport_c: rosidl_typesupport_fastrtps_c;rosidl_typesupport_introspection_c
[1.868s] -- Using all available rosidl_typesupport_cpp: rosidl_typesupport_fastrtps_cpp;rosidl_typesupport_introspection_cpp
[1.959s] -- Found rmw_implementation_cmake: 6.1.2 (/opt/ros/humble/share/rmw_implementation_cmake/cmake)
[1.964s] -- Found rmw_fastrtps_cpp: 6.2.8 (/opt/ros/humble/share/rmw_fastrtps_cpp/cmake)
[2.157s] -- Found OpenSSL: /usr/lib/aarch64-linux-gnu/libcrypto.so (found version "3.0.2")  
[2.228s] -- Found FastRTPS: /opt/ros/humble/include  
[2.310s] -- Using RMW implementation 'rmw_fastrtps_cpp' as default
[2.336s] -- Looking for pthread.h
[2.482s] -- Looking for pthread.h - found
[2.484s] -- Performing Test CMAKE_HAVE_LIBC_PTHREAD
[2.658s] -- Performing Test CMAKE_HAVE_LIBC_PTHREAD - Success
[2.661s] -- Found Threads: TRUE  
[2.801s] [0m=============================================================[0m
[2.802s] [0m-- ROS2 Found. ROS2 Support is turned On.[0m
[2.802s] [0m=============================================================[0m
[2.805s] -- Found sensor_msgs: 4.9.0 (/opt/ros/humble/share/sensor_msgs/cmake)
[2.865s] -- Found rclcpp_action: 16.0.14 (/opt/ros/humble/share/rclcpp_action/cmake)
[2.934s] -- Found rosidl_default_generators: 1.2.0 (/opt/ros/humble/share/rosidl_default_generators/cmake)
[3.674s] -- Found ament_cmake_ros: 0.10.0 (/opt/ros/humble/share/ament_cmake_ros/cmake)
[4.629s] -- Using all available rosidl_typesupport_c: rosidl_typesupport_fastrtps_c;rosidl_typesupport_introspection_c
[4.970s] -- Using all available rosidl_typesupport_cpp: rosidl_typesupport_fastrtps_cpp;rosidl_typesupport_introspection_cpp
[5.024s] -- Found PythonInterp: /usr/bin/python3 (found suitable version "3.10.12", minimum required is "3.6") 
[5.032s] -- Found python_cmake_module: 0.10.0 (/opt/ros/humble/share/python_cmake_module/cmake)
[5.096s] -- Found PythonLibs: /usr/lib/aarch64-linux-gnu/libpython3.10.so (found suitable version "3.10.12", minimum required is "3.5") 
[5.096s] -- Using PYTHON_EXECUTABLE: /usr/bin/python3
[5.096s] -- Using PYTHON_INCLUDE_DIRS: /usr/include/python3.10
[5.096s] -- Using PYTHON_LIBRARIES: /usr/lib/aarch64-linux-gnu/libpython3.10.so
[5.145s] -- Found PythonExtra: .so  
[5.529s] -- Using numpy include directory: /home/betsybot/.local/lib/python3.10/site-packages/numpy/core/include
[5.630s] -- Found Boost: /usr/lib/aarch64-linux-gnu/cmake/Boost-1.74.0/BoostConfig.cmake (found version "1.74.0") found components: thread 
[5.652s] -- Configuring done
[5.771s] -- Generating done
[5.810s] -- Build files have been written to: /home/betsybot/HesaiLidar_ROS_2.0/build/hesai_ros_driver
[5.854s] Invoked command in '/home/betsybot/HesaiLidar_ROS_2.0/build/hesai_ros_driver' returned '0': CFLAGS=-I/usr/local/lib/python3.x/dist-packages/numpy/core/include/ CMAKE_PREFIX_PATH=${CMAKE_PREFIX_PATH}:/opt/ros/humble /usr/bin/cmake /home/betsybot/HesaiLidar_ROS_2.0 -DCMAKE_INSTALL_PREFIX=/home/betsybot/HesaiLidar_ROS_2.0/install/hesai_ros_driver
[5.858s] Invoking command in '/home/betsybot/HesaiLidar_ROS_2.0/build/hesai_ros_driver': CFLAGS=-I/usr/local/lib/python3.x/dist-packages/numpy/core/include/ CMAKE_PREFIX_PATH=${CMAKE_PREFIX_PATH}:/opt/ros/humble /usr/bin/cmake --build /home/betsybot/HesaiLidar_ROS_2.0/build/hesai_ros_driver -- -j6 -l6
[5.958s] [  1%] [34m[1mGenerating C code for ROS interfaces[0m
[5.979s] [  3%] [32mBuilding CXX object src/driver/HesaiLidar_SDK_2.0/libhesai/CMakeFiles/log_lib.dir/Logger/src/logger.cc.o[0m
[5.979s] [  3%] [34m[1mGenerating C++ code for ROS interfaces[0m
[5.999s] [  3%] Built target ament_cmake_python_copy_hesai_ros_driver
[6.537s] running egg_info
[6.581s] creating hesai_ros_driver.egg-info
[6.581s] writing hesai_ros_driver.egg-info/PKG-INFO
[6.582s] writing dependency_links to hesai_ros_driver.egg-info/dependency_links.txt
[6.586s] writing top-level names to hesai_ros_driver.egg-info/top_level.txt
[6.586s] writing manifest file 'hesai_ros_driver.egg-info/SOURCES.txt'
[7.057s] [  4%] [32mBuilding C object CMakeFiles/hesai_ros_driver__rosidl_generator_c.dir/rosidl_generator_c/hesai_ros_driver/msg/detail/udp_packet__functions.c.o[0m
[7.077s] [  5%] [32mBuilding C object CMakeFiles/hesai_ros_driver__rosidl_generator_c.dir/rosidl_generator_c/hesai_ros_driver/msg/detail/udp_frame__functions.c.o[0m
[7.194s] [  6%] [32mBuilding C object CMakeFiles/hesai_ros_driver__rosidl_generator_c.dir/rosidl_generator_c/hesai_ros_driver/msg/detail/firetime__functions.c.o[0m
[7.214s] [  6%] Built target hesai_ros_driver__cpp
[7.250s] [  7%] [34m[1mGenerating C++ type support dispatch for ROS interfaces[0m
[7.278s] [  8%] [32m[1mLinking CXX shared library liblog_lib.so[0m
[7.279s] reading manifest file 'hesai_ros_driver.egg-info/SOURCES.txt'
[7.281s] writing manifest file 'hesai_ros_driver.egg-info/SOURCES.txt'
[7.333s] [  9%] [32mBuilding C object CMakeFiles/hesai_ros_driver__rosidl_generator_c.dir/rosidl_generator_c/hesai_ros_driver/msg/detail/ptp__functions.c.o[0m
[7.351s] [ 10%] [32mBuilding C object CMakeFiles/hesai_ros_driver__rosidl_generator_c.dir/rosidl_generator_c/hesai_ros_driver/msg/detail/loss_packet__functions.c.o[0m
[7.413s] [ 11%] [34m[1mGenerating C++ type support for eProsima Fast-RTPS[0m
[7.469s] [ 11%] Built target ament_cmake_python_build_hesai_ros_driver_egg
[7.480s] [ 11%] Built target log_lib
[7.500s] [ 12%] [34m[1mGenerating C++ introspection for ROS interfaces[0m
[7.545s] [ 13%] [32mBuilding CXX object src/driver/HesaiLidar_SDK_2.0/libhesai/CMakeFiles/platutils_lib.dir/Common/src/plat_utils.cc.o[0m
[7.613s] [ 15%] [32mBuilding CXX object src/driver/HesaiLidar_SDK_2.0/libhesai/CMakeFiles/platutils_lib.dir/Common/src/auto_tick_count.cc.o[0m
[7.658s] [ 16%] [32m[1mLinking C shared library libhesai_ros_driver__rosidl_generator_c.so[0m
[7.733s] [ 16%] Built target hesai_ros_driver__rosidl_generator_c
[7.755s] [ 17%] [34m[1mGenerating C type support for eProsima Fast-RTPS[0m
[8.141s] [ 18%] [32mBuilding CXX object CMakeFiles/hesai_ros_driver__rosidl_typesupport_cpp.dir/rosidl_typesupport_cpp/hesai_ros_driver/msg/udp_packet__type_support.cpp.o[0m
[8.701s] [ 19%] [32mBuilding CXX object CMakeFiles/hesai_ros_driver__rosidl_typesupport_fastrtps_cpp.dir/rosidl_typesupport_fastrtps_cpp/hesai_ros_driver/msg/detail/dds_fastrtps/udp_packet__type_support.cpp.o[0m
[8.772s] [ 20%] [32mBuilding CXX object CMakeFiles/hesai_ros_driver__rosidl_typesupport_fastrtps_c.dir/rosidl_typesupport_fastrtps_c/hesai_ros_driver/msg/detail/udp_packet__type_support_c.cpp.o[0m
[8.784s] [ 21%] [32mBuilding CXX object CMakeFiles/hesai_ros_driver__rosidl_typesupport_introspection_cpp.dir/rosidl_typesupport_introspection_cpp/hesai_ros_driver/msg/detail/udp_packet__type_support.cpp.o[0m
[8.806s] [ 22%] [32mBuilding CXX object CMakeFiles/hesai_ros_driver__rosidl_typesupport_introspection_cpp.dir/rosidl_typesupport_introspection_cpp/hesai_ros_driver/msg/detail/udp_frame__type_support.cpp.o[0m
[8.850s] [ 23%] [32mBuilding CXX object CMakeFiles/hesai_ros_driver__rosidl_typesupport_cpp.dir/rosidl_typesupport_cpp/hesai_ros_driver/msg/udp_frame__type_support.cpp.o[0m
[9.614s] [ 24%] [32mBuilding CXX object CMakeFiles/hesai_ros_driver__rosidl_typesupport_fastrtps_c.dir/rosidl_typesupport_fastrtps_c/hesai_ros_driver/msg/detail/udp_frame__type_support_c.cpp.o[0m
[9.792s] [ 25%] [32mBuilding CXX object CMakeFiles/hesai_ros_driver__rosidl_typesupport_cpp.dir/rosidl_typesupport_cpp/hesai_ros_driver/msg/firetime__type_support.cpp.o[0m
[9.843s] [ 26%] [32mBuilding CXX object CMakeFiles/hesai_ros_driver__rosidl_typesupport_fastrtps_cpp.dir/rosidl_typesupport_fastrtps_cpp/hesai_ros_driver/msg/detail/dds_fastrtps/udp_frame__type_support.cpp.o[0m
[9.867s] [ 27%] [32mBuilding CXX object CMakeFiles/hesai_ros_driver__rosidl_typesupport_fastrtps_cpp.dir/rosidl_typesupport_fastrtps_cpp/hesai_ros_driver/msg/detail/dds_fastrtps/firetime__type_support.cpp.o[0m
[10.108s] [ 29%] [32m[1mLinking CXX shared library libplatutils_lib.so[0m
[10.150s] [ 30%] [32mBuilding CXX object CMakeFiles/hesai_ros_driver__rosidl_typesupport_introspection_cpp.dir/rosidl_typesupport_introspection_cpp/hesai_ros_driver/msg/detail/firetime__type_support.cpp.o[0m
[10.387s] [ 30%] Built target platutils_lib
[10.411s] [ 31%] [32mBuilding CXX object CMakeFiles/hesai_ros_driver__rosidl_typesupport_introspection_cpp.dir/rosidl_typesupport_introspection_cpp/hesai_ros_driver/msg/detail/ptp__type_support.cpp.o[0m
[10.435s] [ 32%] [32mBuilding CXX object CMakeFiles/hesai_ros_driver__rosidl_typesupport_cpp.dir/rosidl_typesupport_cpp/hesai_ros_driver/msg/ptp__type_support.cpp.o[0m
[10.529s] [ 33%] [32mBuilding CXX object CMakeFiles/hesai_ros_driver__rosidl_typesupport_fastrtps_c.dir/rosidl_typesupport_fastrtps_c/hesai_ros_driver/msg/detail/firetime__type_support_c.cpp.o[0m
[10.910s] [ 34%] [32mBuilding CXX object CMakeFiles/hesai_ros_driver__rosidl_typesupport_introspection_cpp.dir/rosidl_typesupport_introspection_cpp/hesai_ros_driver/msg/detail/loss_packet__type_support.cpp.o[0m
[11.044s] [ 35%] [32mBuilding CXX object CMakeFiles/hesai_ros_driver__rosidl_typesupport_cpp.dir/rosidl_typesupport_cpp/hesai_ros_driver/msg/loss_packet__type_support.cpp.o[0m
[11.153s] [ 36%] [32mBuilding CXX object CMakeFiles/hesai_ros_driver__rosidl_typesupport_fastrtps_cpp.dir/rosidl_typesupport_fastrtps_cpp/hesai_ros_driver/msg/detail/dds_fastrtps/ptp__type_support.cpp.o[0m
[11.305s] [ 37%] [32mBuilding CXX object CMakeFiles/hesai_ros_driver__rosidl_typesupport_fastrtps_c.dir/rosidl_typesupport_fastrtps_c/hesai_ros_driver/msg/detail/ptp__type_support_c.cpp.o[0m
[11.322s] [ 38%] [32mBuilding CXX object CMakeFiles/hesai_ros_driver__rosidl_typesupport_fastrtps_c.dir/rosidl_typesupport_fastrtps_c/hesai_ros_driver/msg/detail/loss_packet__type_support_c.cpp.o[0m
[11.585s] [ 39%] [32mBuilding CXX object CMakeFiles/hesai_ros_driver__rosidl_typesupport_fastrtps_cpp.dir/rosidl_typesupport_fastrtps_cpp/hesai_ros_driver/msg/detail/dds_fastrtps/loss_packet__type_support.cpp.o[0m
[11.670s] [ 40%] [32m[1mLinking CXX shared library libhesai_ros_driver__rosidl_typesupport_cpp.so[0m
[11.782s] [ 40%] Built target hesai_ros_driver__rosidl_typesupport_cpp
[11.809s] [ 41%] [34m[1mGenerating C introspection for ROS interfaces[0m
[12.071s] [ 43%] [32m[1mLinking CXX shared library libhesai_ros_driver__rosidl_typesupport_introspection_cpp.so[0m
[12.111s] [ 44%] [34m[1mGenerating C type support dispatch for ROS interfaces[0m
[12.135s] [ 45%] [32m[1mLinking CXX shared library libhesai_ros_driver__rosidl_typesupport_fastrtps_c.so[0m
[12.299s] [ 45%] Built target hesai_ros_driver__rosidl_typesupport_introspection_cpp
[12.362s] [ 46%] [32mBuilding CXX object src/driver/HesaiLidar_SDK_2.0/libhesai/CMakeFiles/udpParser_lib.dir/UdpParser/udp_parser.cc.o[0m
[12.377s] [ 46%] Built target hesai_ros_driver__rosidl_typesupport_fastrtps_c
[12.424s] [ 47%] [32mBuilding CXX object src/driver/HesaiLidar_SDK_2.0/libhesai/CMakeFiles/ptcClient_lib.dir/PtcClient/src/ptc_client.cc.o[0m
[12.447s] [ 48%] [32mBuilding CXX object src/driver/HesaiLidar_SDK_2.0/libhesai/CMakeFiles/source_lib.dir/Source/src/source.cc.o[0m
[12.570s] [ 49%] [32m[1mLinking CXX shared library libhesai_ros_driver__rosidl_typesupport_fastrtps_cpp.so[0m
[12.792s] [ 49%] Built target hesai_ros_driver__rosidl_typesupport_fastrtps_cpp
[12.822s] [ 50%] [32mBuilding CXX object src/driver/HesaiLidar_SDK_2.0/libhesai/CMakeFiles/source_lib.dir/Source/src/socket_source.cc.o[0m
[12.999s] [ 51%] [32mBuilding CXX object CMakeFiles/hesai_ros_driver__rosidl_typesupport_c.dir/rosidl_typesupport_c/hesai_ros_driver/msg/udp_packet__type_support.cpp.o[0m
[13.093s] [ 52%] [32mBuilding C object CMakeFiles/hesai_ros_driver__rosidl_typesupport_introspection_c.dir/rosidl_typesupport_introspection_c/hesai_ros_driver/msg/detail/udp_packet__type_support.c.o[0m
[13.140s] [ 53%] [32mBuilding CXX object CMakeFiles/hesai_ros_driver__rosidl_typesupport_c.dir/rosidl_typesupport_c/hesai_ros_driver/msg/udp_frame__type_support.cpp.o[0m
[13.256s] [ 54%] [32mBuilding CXX object CMakeFiles/hesai_ros_driver__rosidl_typesupport_c.dir/rosidl_typesupport_c/hesai_ros_driver/msg/firetime__type_support.cpp.o[0m
[13.270s] [ 55%] [32mBuilding C object CMakeFiles/hesai_ros_driver__rosidl_typesupport_introspection_c.dir/rosidl_typesupport_introspection_c/hesai_ros_driver/msg/detail/udp_frame__type_support.c.o[0m
[13.356s] [ 56%] [32mBuilding CXX object CMakeFiles/hesai_ros_driver__rosidl_typesupport_c.dir/rosidl_typesupport_c/hesai_ros_driver/msg/ptp__type_support.cpp.o[0m
[13.448s] [ 58%] [32mBuilding C object CMakeFiles/hesai_ros_driver__rosidl_typesupport_introspection_c.dir/rosidl_typesupport_introspection_c/hesai_ros_driver/msg/detail/firetime__type_support.c.o[0m
[13.459s] [ 59%] [32mBuilding CXX object CMakeFiles/hesai_ros_driver__rosidl_typesupport_c.dir/rosidl_typesupport_c/hesai_ros_driver/msg/loss_packet__type_support.cpp.o[0m
[13.554s] [ 60%] [32m[1mLinking CXX shared library libhesai_ros_driver__rosidl_typesupport_c.so[0m
[13.596s] [ 61%] [32mBuilding C object CMakeFiles/hesai_ros_driver__rosidl_typesupport_introspection_c.dir/rosidl_typesupport_introspection_c/hesai_ros_driver/msg/detail/ptp__type_support.c.o[0m
[13.649s] [ 62%] [32mBuilding CXX object src/driver/HesaiLidar_SDK_2.0/libhesai/CMakeFiles/source_lib.dir/Source/src/pcap_source.cc.o[0m
[13.668s] [ 62%] Built target hesai_ros_driver__rosidl_typesupport_c
[13.696s] [ 63%] [32mBuilding CXX object src/driver/HesaiLidar_SDK_2.0/libhesai/CMakeFiles/source_lib.dir/Source/src/serial_source.cc.o[0m
[13.706s] [ 64%] [32mBuilding C object CMakeFiles/hesai_ros_driver__rosidl_typesupport_introspection_c.dir/rosidl_typesupport_introspection_c/hesai_ros_driver/msg/detail/loss_packet__type_support.c.o[0m
[13.793s] [ 65%] [32m[1mLinking C shared library libhesai_ros_driver__rosidl_typesupport_introspection_c.so[0m
[13.844s] [ 66%] [32m[1mLinking CXX shared library libudpParser_lib.so[0m
[13.899s] [ 66%] Built target hesai_ros_driver__rosidl_typesupport_introspection_c
[13.917s] [ 67%] [32mBuilding CXX object src/driver/HesaiLidar_SDK_2.0/libhesai/CMakeFiles/ptcClient_lib.dir/PtcClient/src/tcp_client.cc.o[0m
[14.136s] [ 67%] Built target udpParser_lib
[14.274s] [ 67%] Built target hesai_ros_driver
[14.350s] [ 68%] [32mBuilding CXX object src/driver/HesaiLidar_SDK_2.0/libhesai/CMakeFiles/source_lib.dir/Source/src/pcap_saver.cc.o[0m
[14.377s] [ 69%] [32mBuilding CXX object src/driver/HesaiLidar_SDK_2.0/libhesai/CMakeFiles/ptcClient_lib.dir/PtcParser/src/general_ptc_parser.cc.o[0m
[15.408s] [ 70%] [32mBuilding CXX object src/driver/HesaiLidar_SDK_2.0/libhesai/CMakeFiles/ptcClient_lib.dir/PtcParser/src/ptc_1_0_parser.cc.o[0m
[15.847s] [ 72%] [32mBuilding CXX object src/driver/HesaiLidar_SDK_2.0/libhesai/CMakeFiles/ptcClient_lib.dir/PtcParser/src/ptc_2_0_parser.cc.o[0m
[15.888s] [ 73%] [32mBuilding CXX object src/driver/HesaiLidar_SDK_2.0/libhesai/CMakeFiles/ptcClient_lib.dir/PtcParser/ptc_parser.cc.o[0m
[16.471s] [ 74%] [32mBuilding CXX object src/driver/HesaiLidar_SDK_2.0/libhesai/CMakeFiles/ptcClient_lib.dir/PtcClient/src/tcp_ssl_client.cc.o[0m
[17.113s] [ 75%] [34m[1mGenerating Python code for ROS interfaces[0m
[17.284s] [ 76%] [32m[1mLinking CXX shared library libsource_lib.so[0m
[17.483s] [ 76%] Built target source_lib
[17.567s] [ 77%] [32mBuilding CXX object src/driver/HesaiLidar_SDK_2.0/libhesai/CMakeFiles/serialClient_lib.dir/SerialClient/src/serial_client.cc.o[0m
[18.266s] [ 78%] [32m[1mLinking CXX shared library libptcClient_lib.so[0m
[18.548s] [ 78%] Built target ptcClient_lib
[18.630s] [ 78%] Built target hesai_ros_driver__py
[18.672s] [ 79%] [32mBuilding C object CMakeFiles/hesai_ros_driver__rosidl_generator_py.dir/rosidl_generator_py/hesai_ros_driver/msg/_firetime_s.c.o[0m
[18.672s] [ 80%] [32mBuilding C object CMakeFiles/hesai_ros_driver__rosidl_generator_py.dir/rosidl_generator_py/hesai_ros_driver/msg/_udp_packet_s.c.o[0m
[18.678s] [ 81%] [32mBuilding C object CMakeFiles/hesai_ros_driver__rosidl_generator_py.dir/rosidl_generator_py/hesai_ros_driver/msg/_udp_frame_s.c.o[0m
[18.695s] [ 82%] [32mBuilding C object CMakeFiles/hesai_ros_driver__rosidl_generator_py.dir/rosidl_generator_py/hesai_ros_driver/msg/_loss_packet_s.c.o[0m
[18.701s] [ 83%] [32mBuilding C object CMakeFiles/hesai_ros_driver__rosidl_generator_py.dir/rosidl_generator_py/hesai_ros_driver/msg/_ptp_s.c.o[0m
[19.132s] [ 84%] [32m[1mLinking C shared library rosidl_generator_py/hesai_ros_driver/libhesai_ros_driver__rosidl_generator_py.so[0m
[19.234s] [ 84%] Built target hesai_ros_driver__rosidl_generator_py
[19.277s] [ 86%] [32mBuilding C object CMakeFiles/hesai_ros_driver__rosidl_typesupport_introspection_c__pyext.dir/rosidl_generator_py/hesai_ros_driver/_hesai_ros_driver_s.ep.rosidl_typesupport_introspection_c.c.o[0m
[19.280s] [ 88%] [32mBuilding C object CMakeFiles/hesai_ros_driver__rosidl_typesupport_c__pyext.dir/rosidl_generator_py/hesai_ros_driver/_hesai_ros_driver_s.ep.rosidl_typesupport_c.c.o[0m
[19.281s] [ 88%] [32mBuilding C object CMakeFiles/hesai_ros_driver__rosidl_typesupport_fastrtps_c__pyext.dir/rosidl_generator_py/hesai_ros_driver/_hesai_ros_driver_s.ep.rosidl_typesupport_fastrtps_c.c.o[0m
[19.421s] [ 89%] [32m[1mLinking CXX shared library libserialClient_lib.so[0m
[19.588s] [ 89%] Built target serialClient_lib
[19.640s] [ 90%] [32m[1mLinking C shared library rosidl_generator_py/hesai_ros_driver/hesai_ros_driver_s__rosidl_typesupport_introspection_c.cpython-310-aarch64-linux-gnu.so[0m
[19.658s] [ 91%] [32mBuilding CXX object src/driver/HesaiLidar_SDK_2.0/libhesai/CMakeFiles/lidar_lib.dir/Lidar/lidar.cc.o[0m
[19.687s] [ 92%] [32m[1mLinking C shared library rosidl_generator_py/hesai_ros_driver/hesai_ros_driver_s__rosidl_typesupport_fastrtps_c.cpython-310-aarch64-linux-gnu.so[0m
[19.693s] [ 93%] [32m[1mLinking C shared library rosidl_generator_py/hesai_ros_driver/hesai_ros_driver_s__rosidl_typesupport_c.cpython-310-aarch64-linux-gnu.so[0m
[19.746s] [ 93%] Built target hesai_ros_driver__rosidl_typesupport_introspection_c__pyext
[19.784s] [ 93%] Built target hesai_ros_driver__rosidl_typesupport_fastrtps_c__pyext
[19.797s] [ 93%] Built target hesai_ros_driver__rosidl_typesupport_c__pyext
[21.443s] [ 94%] [32m[1mLinking CXX shared library liblidar_lib.so[0m
[21.610s] [ 94%] Built target lidar_lib
[21.662s] [ 95%] [32mBuilding CXX object src/driver/HesaiLidar_SDK_2.0/CMakeFiles/hesai_sdk_lib.dir/driver/hesai_lidar_sdk.cc.o[0m
[23.422s] [ 96%] [32m[1mLinking CXX shared library libhesai_sdk_lib.so[0m
[23.593s] [ 96%] Built target hesai_sdk_lib
[23.634s] [ 98%] [32mBuilding CXX object CMakeFiles/hesai_ros_driver_node.dir/node/hesai_ros_driver_node.cc.o[0m
[23.634s] [ 98%] [32mBuilding CXX object CMakeFiles/hesai_ros_driver_node.dir/src/manager/node_manager.cc.o[0m
[88.279s] [100%] [32m[1mLinking CXX executable hesai_ros_driver_node[0m
[88.958s] [100%] Built target hesai_ros_driver_node
[88.993s] Invoked command in '/home/betsybot/HesaiLidar_ROS_2.0/build/hesai_ros_driver' returned '0': CFLAGS=-I/usr/local/lib/python3.x/dist-packages/numpy/core/include/ CMAKE_PREFIX_PATH=${CMAKE_PREFIX_PATH}:/opt/ros/humble /usr/bin/cmake --build /home/betsybot/HesaiLidar_ROS_2.0/build/hesai_ros_driver -- -j6 -l6
[89.018s] Invoking command in '/home/betsybot/HesaiLidar_ROS_2.0/build/hesai_ros_driver': CFLAGS=-I/usr/local/lib/python3.x/dist-packages/numpy/core/include/ CMAKE_PREFIX_PATH=${CMAKE_PREFIX_PATH}:/opt/ros/humble /usr/bin/cmake --install /home/betsybot/HesaiLidar_ROS_2.0/build/hesai_ros_driver
[89.039s] -- Install configuration: "Release"
[89.040s] -- Installing: /home/betsybot/HesaiLidar_ROS_2.0/install/hesai_ros_driver/share/ament_index/resource_index/rosidl_interfaces/hesai_ros_driver
[89.040s] -- Installing: /home/betsybot/HesaiLidar_ROS_2.0/install/hesai_ros_driver/include/hesai_ros_driver/hesai_ros_driver
[89.041s] -- Installing: /home/betsybot/HesaiLidar_ROS_2.0/install/hesai_ros_driver/include/hesai_ros_driver/hesai_ros_driver/msg
[89.041s] -- Installing: /home/betsybot/HesaiLidar_ROS_2.0/install/hesai_ros_driver/include/hesai_ros_driver/hesai_ros_driver/msg/udp_packet.h
[89.042s] -- Installing: /home/betsybot/HesaiLidar_ROS_2.0/install/hesai_ros_driver/include/hesai_ros_driver/hesai_ros_driver/msg/loss_packet.h
[89.042s] -- Installing: /home/betsybot/HesaiLidar_ROS_2.0/install/hesai_ros_driver/include/hesai_ros_driver/hesai_ros_driver/msg/firetime.h
[89.043s] -- Installing: /home/betsybot/HesaiLidar_ROS_2.0/install/hesai_ros_driver/include/hesai_ros_driver/hesai_ros_driver/msg/ptp.h
[89.045s] -- Installing: /home/betsybot/HesaiLidar_ROS_2.0/install/hesai_ros_driver/include/hesai_ros_driver/hesai_ros_driver/msg/detail
[89.045s] -- Installing: /home/betsybot/HesaiLidar_ROS_2.0/install/hesai_ros_driver/include/hesai_ros_driver/hesai_ros_driver/msg/detail/ptp__type_support.h
[89.045s] -- Installing: /home/betsybot/HesaiLidar_ROS_2.0/install/hesai_ros_driver/include/hesai_ros_driver/hesai_ros_driver/msg/detail/udp_frame__struct.h
[89.046s] -- Installing: /home/betsybot/HesaiLidar_ROS_2.0/install/hesai_ros_driver/include/hesai_ros_driver/hesai_ros_driver/msg/detail/loss_packet__type_support.h
[89.046s] -- Installing: /home/betsybot/HesaiLidar_ROS_2.0/install/hesai_ros_driver/include/hesai_ros_driver/hesai_ros_driver/msg/detail/loss_packet__functions.h
[89.046s] -- Installing: /home/betsybot/HesaiLidar_ROS_2.0/install/hesai_ros_driver/include/hesai_ros_driver/hesai_ros_driver/msg/detail/udp_packet__functions.c
[89.047s] -- Installing: /home/betsybot/HesaiLidar_ROS_2.0/install/hesai_ros_driver/include/hesai_ros_driver/hesai_ros_driver/msg/detail/udp_frame__functions.h
[89.047s] -- Installing: /home/betsybot/HesaiLidar_ROS_2.0/install/hesai_ros_driver/include/hesai_ros_driver/hesai_ros_driver/msg/detail/ptp__struct.h
[89.047s] -- Installing: /home/betsybot/HesaiLidar_ROS_2.0/install/hesai_ros_driver/include/hesai_ros_driver/hesai_ros_driver/msg/detail/loss_packet__functions.c
[89.047s] -- Installing: /home/betsybot/HesaiLidar_ROS_2.0/install/hesai_ros_driver/include/hesai_ros_driver/hesai_ros_driver/msg/detail/firetime__struct.h
[89.048s] -- Installing: /home/betsybot/HesaiLidar_ROS_2.0/install/hesai_ros_driver/include/hesai_ros_driver/hesai_ros_driver/msg/detail/udp_packet__functions.h
[89.048s] -- Installing: /home/betsybot/HesaiLidar_ROS_2.0/install/hesai_ros_driver/include/hesai_ros_driver/hesai_ros_driver/msg/detail/udp_packet__struct.h
[89.049s] -- Installing: /home/betsybot/HesaiLidar_ROS_2.0/install/hesai_ros_driver/include/hesai_ros_driver/hesai_ros_driver/msg/detail/ptp__functions.c
[89.049s] -- Installing: /home/betsybot/HesaiLidar_ROS_2.0/install/hesai_ros_driver/include/hesai_ros_driver/hesai_ros_driver/msg/detail/udp_packet__type_support.h
[89.050s] -- Installing: /home/betsybot/HesaiLidar_ROS_2.0/install/hesai_ros_driver/include/hesai_ros_driver/hesai_ros_driver/msg/detail/udp_frame__functions.c
[89.050s] -- Installing: /home/betsybot/HesaiLidar_ROS_2.0/install/hesai_ros_driver/include/hesai_ros_driver/hesai_ros_driver/msg/detail/firetime__type_support.h
[89.051s] -- Installing: /home/betsybot/HesaiLidar_ROS_2.0/install/hesai_ros_driver/include/hesai_ros_driver/hesai_ros_driver/msg/detail/firetime__functions.h
[89.051s] -- Installing: /home/betsybot/HesaiLidar_ROS_2.0/install/hesai_ros_driver/include/hesai_ros_driver/hesai_ros_driver/msg/detail/firetime__functions.c
[89.051s] -- Installing: /home/betsybot/HesaiLidar_ROS_2.0/install/hesai_ros_driver/include/hesai_ros_driver/hesai_ros_driver/msg/detail/loss_packet__struct.h
[89.052s] -- Installing: /home/betsybot/HesaiLidar_ROS_2.0/install/hesai_ros_driver/include/hesai_ros_driver/hesai_ros_driver/msg/detail/udp_frame__type_support.h
[89.052s] -- Installing: /home/betsybot/HesaiLidar_ROS_2.0/install/hesai_ros_driver/include/hesai_ros_driver/hesai_ros_driver/msg/detail/ptp__functions.h
[89.052s] -- Installing: /home/betsybot/HesaiLidar_ROS_2.0/install/hesai_ros_driver/include/hesai_ros_driver/hesai_ros_driver/msg/rosidl_generator_c__visibility_control.h
[89.053s] -- Installing: /home/betsybot/HesaiLidar_ROS_2.0/install/hesai_ros_driver/include/hesai_ros_driver/hesai_ros_driver/msg/udp_frame.h
[89.053s] -- Installing: /home/betsybot/HesaiLidar_ROS_2.0/install/hesai_ros_driver/share/hesai_ros_driver/environment/library_path.sh
[89.053s] -- Installing: /home/betsybot/HesaiLidar_ROS_2.0/install/hesai_ros_driver/share/hesai_ros_driver/environment/library_path.dsv
[89.054s] -- Installing: /home/betsybot/HesaiLidar_ROS_2.0/install/hesai_ros_driver/lib/libhesai_ros_driver__rosidl_generator_c.so
[89.054s] -- Set runtime path of "/home/betsybot/HesaiLidar_ROS_2.0/install/hesai_ros_driver/lib/libhesai_ros_driver__rosidl_generator_c.so" to ""
[89.054s] -- Up-to-date: /home/betsybot/HesaiLidar_ROS_2.0/install/hesai_ros_driver/include/hesai_ros_driver/hesai_ros_driver
[89.054s] -- Up-to-date: /home/betsybot/HesaiLidar_ROS_2.0/install/hesai_ros_driver/include/hesai_ros_driver/hesai_ros_driver/msg
[89.055s] -- Up-to-date: /home/betsybot/HesaiLidar_ROS_2.0/install/hesai_ros_driver/include/hesai_ros_driver/hesai_ros_driver/msg/detail
[89.055s] -- Installing: /home/betsybot/HesaiLidar_ROS_2.0/install/hesai_ros_driver/include/hesai_ros_driver/hesai_ros_driver/msg/detail/udp_frame__rosidl_typesupport_fastrtps_c.h
[89.055s] -- Installing: /home/betsybot/HesaiLidar_ROS_2.0/install/hesai_ros_driver/include/hesai_ros_driver/hesai_ros_driver/msg/detail/loss_packet__rosidl_typesupport_fastrtps_c.h
[89.056s] -- Installing: /home/betsybot/HesaiLidar_ROS_2.0/install/hesai_ros_driver/include/hesai_ros_driver/hesai_ros_driver/msg/detail/ptp__rosidl_typesupport_fastrtps_c.h
[89.056s] -- Installing: /home/betsybot/HesaiLidar_ROS_2.0/install/hesai_ros_driver/include/hesai_ros_driver/hesai_ros_driver/msg/detail/firetime__rosidl_typesupport_fastrtps_c.h
[89.056s] -- Installing: /home/betsybot/HesaiLidar_ROS_2.0/install/hesai_ros_driver/include/hesai_ros_driver/hesai_ros_driver/msg/detail/udp_packet__rosidl_typesupport_fastrtps_c.h
[89.056s] -- Installing: /home/betsybot/HesaiLidar_ROS_2.0/install/hesai_ros_driver/include/hesai_ros_driver/hesai_ros_driver/msg/rosidl_typesupport_fastrtps_c__visibility_control.h
[89.057s] -- Installing: /home/betsybot/HesaiLidar_ROS_2.0/install/hesai_ros_driver/lib/libhesai_ros_driver__rosidl_typesupport_fastrtps_c.so
[89.057s] -- Set runtime path of "/home/betsybot/HesaiLidar_ROS_2.0/install/hesai_ros_driver/lib/libhesai_ros_driver__rosidl_typesupport_fastrtps_c.so" to ""
[89.057s] -- Up-to-date: /home/betsybot/HesaiLidar_ROS_2.0/install/hesai_ros_driver/include/hesai_ros_driver/hesai_ros_driver
[89.058s] -- Up-to-date: /home/betsybot/HesaiLidar_ROS_2.0/install/hesai_ros_driver/include/hesai_ros_driver/hesai_ros_driver/msg
[89.058s] -- Installing: /home/betsybot/HesaiLidar_ROS_2.0/install/hesai_ros_driver/include/hesai_ros_driver/hesai_ros_driver/msg/udp_frame.hpp
[89.058s] -- Installing: /home/betsybot/HesaiLidar_ROS_2.0/install/hesai_ros_driver/include/hesai_ros_driver/hesai_ros_driver/msg/ptp.hpp
[89.059s] -- Installing: /home/betsybot/HesaiLidar_ROS_2.0/install/hesai_ros_driver/include/hesai_ros_driver/hesai_ros_driver/msg/rosidl_generator_cpp__visibility_control.hpp
[89.059s] -- Installing: /home/betsybot/HesaiLidar_ROS_2.0/install/hesai_ros_driver/include/hesai_ros_driver/hesai_ros_driver/msg/loss_packet.hpp
[89.059s] -- Installing: /home/betsybot/HesaiLidar_ROS_2.0/install/hesai_ros_driver/include/hesai_ros_driver/hesai_ros_driver/msg/udp_packet.hpp
[89.059s] -- Installing: /home/betsybot/HesaiLidar_ROS_2.0/install/hesai_ros_driver/include/hesai_ros_driver/hesai_ros_driver/msg/firetime.hpp
[89.060s] -- Up-to-date: /home/betsybot/HesaiLidar_ROS_2.0/install/hesai_ros_driver/include/hesai_ros_driver/hesai_ros_driver/msg/detail
[89.060s] -- Installing: /home/betsybot/HesaiLidar_ROS_2.0/install/hesai_ros_driver/include/hesai_ros_driver/hesai_ros_driver/msg/detail/ptp__builder.hpp
[89.060s] -- Installing: /home/betsybot/HesaiLidar_ROS_2.0/install/hesai_ros_driver/include/hesai_ros_driver/hesai_ros_driver/msg/detail/udp_frame__traits.hpp
[89.060s] -- Installing: /home/betsybot/HesaiLidar_ROS_2.0/install/hesai_ros_driver/include/hesai_ros_driver/hesai_ros_driver/msg/detail/udp_frame__struct.hpp
[89.061s] -- Installing: /home/betsybot/HesaiLidar_ROS_2.0/install/hesai_ros_driver/include/hesai_ros_driver/hesai_ros_driver/msg/detail/udp_packet__traits.hpp
[89.061s] -- Installing: /home/betsybot/HesaiLidar_ROS_2.0/install/hesai_ros_driver/include/hesai_ros_driver/hesai_ros_driver/msg/detail/loss_packet__traits.hpp
[89.061s] -- Installing: /home/betsybot/HesaiLidar_ROS_2.0/install/hesai_ros_driver/include/hesai_ros_driver/hesai_ros_driver/msg/detail/firetime__type_support.hpp
[89.062s] -- Installing: /home/betsybot/HesaiLidar_ROS_2.0/install/hesai_ros_driver/include/hesai_ros_driver/hesai_ros_driver/msg/detail/ptp__type_support.hpp
[89.062s] -- Installing: /home/betsybot/HesaiLidar_ROS_2.0/install/hesai_ros_driver/include/hesai_ros_driver/hesai_ros_driver/msg/detail/loss_packet__struct.hpp
[89.062s] -- Installing: /home/betsybot/HesaiLidar_ROS_2.0/install/hesai_ros_driver/include/hesai_ros_driver/hesai_ros_driver/msg/detail/ptp__struct.hpp
[89.062s] -- Installing: /home/betsybot/HesaiLidar_ROS_2.0/install/hesai_ros_driver/include/hesai_ros_driver/hesai_ros_driver/msg/detail/firetime__builder.hpp
[89.063s] -- Installing: /home/betsybot/HesaiLidar_ROS_2.0/install/hesai_ros_driver/include/hesai_ros_driver/hesai_ros_driver/msg/detail/loss_packet__type_support.hpp
[89.063s] -- Installing: /home/betsybot/HesaiLidar_ROS_2.0/install/hesai_ros_driver/include/hesai_ros_driver/hesai_ros_driver/msg/detail/udp_packet__type_support.hpp
[89.063s] -- Installing: /home/betsybot/HesaiLidar_ROS_2.0/install/hesai_ros_driver/include/hesai_ros_driver/hesai_ros_driver/msg/detail/udp_frame__builder.hpp
[89.064s] -- Installing: /home/betsybot/HesaiLidar_ROS_2.0/install/hesai_ros_driver/include/hesai_ros_driver/hesai_ros_driver/msg/detail/firetime__traits.hpp
[89.064s] -- Installing: /home/betsybot/HesaiLidar_ROS_2.0/install/hesai_ros_driver/include/hesai_ros_driver/hesai_ros_driver/msg/detail/ptp__traits.hpp
[89.064s] -- Installing: /home/betsybot/HesaiLidar_ROS_2.0/install/hesai_ros_driver/include/hesai_ros_driver/hesai_ros_driver/msg/detail/udp_frame__type_support.hpp
[89.064s] -- Installing: /home/betsybot/HesaiLidar_ROS_2.0/install/hesai_ros_driver/include/hesai_ros_driver/hesai_ros_driver/msg/detail/loss_packet__builder.hpp
[89.065s] -- Installing: /home/betsybot/HesaiLidar_ROS_2.0/install/hesai_ros_driver/include/hesai_ros_driver/hesai_ros_driver/msg/detail/firetime__struct.hpp
[89.065s] -- Installing: /home/betsybot/HesaiLidar_ROS_2.0/install/hesai_ros_driver/include/hesai_ros_driver/hesai_ros_driver/msg/detail/udp_packet__struct.hpp
[89.065s] -- Installing: /home/betsybot/HesaiLidar_ROS_2.0/install/hesai_ros_driver/include/hesai_ros_driver/hesai_ros_driver/msg/detail/udp_packet__builder.hpp
[89.066s] -- Up-to-date: /home/betsybot/HesaiLidar_ROS_2.0/install/hesai_ros_driver/include/hesai_ros_driver/hesai_ros_driver
[89.066s] -- Up-to-date: /home/betsybot/HesaiLidar_ROS_2.0/install/hesai_ros_driver/include/hesai_ros_driver/hesai_ros_driver/msg
[89.066s] -- Installing: /home/betsybot/HesaiLidar_ROS_2.0/install/hesai_ros_driver/include/hesai_ros_driver/hesai_ros_driver/msg/rosidl_typesupport_fastrtps_cpp__visibility_control.h
[89.066s] -- Up-to-date: /home/betsybot/HesaiLidar_ROS_2.0/install/hesai_ros_driver/include/hesai_ros_driver/hesai_ros_driver/msg/detail
[89.067s] -- Installing: /home/betsybot/HesaiLidar_ROS_2.0/install/hesai_ros_driver/include/hesai_ros_driver/hesai_ros_driver/msg/detail/udp_packet__rosidl_typesupport_fastrtps_cpp.hpp
[89.067s] -- Installing: /home/betsybot/HesaiLidar_ROS_2.0/install/hesai_ros_driver/include/hesai_ros_driver/hesai_ros_driver/msg/detail/ptp__rosidl_typesupport_fastrtps_cpp.hpp
[89.067s] -- Installing: /home/betsybot/HesaiLidar_ROS_2.0/install/hesai_ros_driver/include/hesai_ros_driver/hesai_ros_driver/msg/detail/firetime__rosidl_typesupport_fastrtps_cpp.hpp
[89.068s] -- Installing: /home/betsybot/HesaiLidar_ROS_2.0/install/hesai_ros_driver/include/hesai_ros_driver/hesai_ros_driver/msg/detail/dds_fastrtps
[89.068s] -- Installing: /home/betsybot/HesaiLidar_ROS_2.0/install/hesai_ros_driver/include/hesai_ros_driver/hesai_ros_driver/msg/detail/loss_packet__rosidl_typesupport_fastrtps_cpp.hpp
[89.068s] -- Installing: /home/betsybot/HesaiLidar_ROS_2.0/install/hesai_ros_driver/include/hesai_ros_driver/hesai_ros_driver/msg/detail/udp_frame__rosidl_typesupport_fastrtps_cpp.hpp
[89.069s] -- Installing: /home/betsybot/HesaiLidar_ROS_2.0/install/hesai_ros_driver/lib/libhesai_ros_driver__rosidl_typesupport_fastrtps_cpp.so
[89.069s] -- Set runtime path of "/home/betsybot/HesaiLidar_ROS_2.0/install/hesai_ros_driver/lib/libhesai_ros_driver__rosidl_typesupport_fastrtps_cpp.so" to ""
[89.069s] -- Up-to-date: /home/betsybot/HesaiLidar_ROS_2.0/install/hesai_ros_driver/include/hesai_ros_driver/hesai_ros_driver
[89.069s] -- Up-to-date: /home/betsybot/HesaiLidar_ROS_2.0/install/hesai_ros_driver/include/hesai_ros_driver/hesai_ros_driver/msg
[89.070s] -- Installing: /home/betsybot/HesaiLidar_ROS_2.0/install/hesai_ros_driver/include/hesai_ros_driver/hesai_ros_driver/msg/rosidl_typesupport_introspection_c__visibility_control.h
[89.070s] -- Up-to-date: /home/betsybot/HesaiLidar_ROS_2.0/install/hesai_ros_driver/include/hesai_ros_driver/hesai_ros_driver/msg/detail
[89.070s] -- Installing: /home/betsybot/HesaiLidar_ROS_2.0/install/hesai_ros_driver/include/hesai_ros_driver/hesai_ros_driver/msg/detail/firetime__type_support.c
[89.070s] -- Installing: /home/betsybot/HesaiLidar_ROS_2.0/install/hesai_ros_driver/include/hesai_ros_driver/hesai_ros_driver/msg/detail/loss_packet__rosidl_typesupport_introspection_c.h
[89.071s] -- Installing: /home/betsybot/HesaiLidar_ROS_2.0/install/hesai_ros_driver/include/hesai_ros_driver/hesai_ros_driver/msg/detail/udp_packet__type_support.c
[89.071s] -- Installing: /home/betsybot/HesaiLidar_ROS_2.0/install/hesai_ros_driver/include/hesai_ros_driver/hesai_ros_driver/msg/detail/udp_frame__type_support.c
[89.071s] -- Installing: /home/betsybot/HesaiLidar_ROS_2.0/install/hesai_ros_driver/include/hesai_ros_driver/hesai_ros_driver/msg/detail/ptp__type_support.c
[89.071s] -- Installing: /home/betsybot/HesaiLidar_ROS_2.0/install/hesai_ros_driver/include/hesai_ros_driver/hesai_ros_driver/msg/detail/udp_frame__rosidl_typesupport_introspection_c.h
[89.071s] -- Installing: /home/betsybot/HesaiLidar_ROS_2.0/install/hesai_ros_driver/include/hesai_ros_driver/hesai_ros_driver/msg/detail/ptp__rosidl_typesupport_introspection_c.h
[89.072s] -- Installing: /home/betsybot/HesaiLidar_ROS_2.0/install/hesai_ros_driver/include/hesai_ros_driver/hesai_ros_driver/msg/detail/loss_packet__type_support.c
[89.072s] -- Installing: /home/betsybot/HesaiLidar_ROS_2.0/install/hesai_ros_driver/include/hesai_ros_driver/hesai_ros_driver/msg/detail/firetime__rosidl_typesupport_introspection_c.h
[89.072s] -- Installing: /home/betsybot/HesaiLidar_ROS_2.0/install/hesai_ros_driver/include/hesai_ros_driver/hesai_ros_driver/msg/detail/udp_packet__rosidl_typesupport_introspection_c.h
[89.072s] -- Installing: /home/betsybot/HesaiLidar_ROS_2.0/install/hesai_ros_driver/lib/libhesai_ros_driver__rosidl_typesupport_introspection_c.so
[89.073s] -- Set runtime path of "/home/betsybot/HesaiLidar_ROS_2.0/install/hesai_ros_driver/lib/libhesai_ros_driver__rosidl_typesupport_introspection_c.so" to ""
[89.073s] -- Installing: /home/betsybot/HesaiLidar_ROS_2.0/install/hesai_ros_driver/lib/libhesai_ros_driver__rosidl_typesupport_c.so
[89.073s] -- Set runtime path of "/home/betsybot/HesaiLidar_ROS_2.0/install/hesai_ros_driver/lib/libhesai_ros_driver__rosidl_typesupport_c.so" to ""
[89.073s] -- Up-to-date: /home/betsybot/HesaiLidar_ROS_2.0/install/hesai_ros_driver/include/hesai_ros_driver/hesai_ros_driver
[89.073s] -- Up-to-date: /home/betsybot/HesaiLidar_ROS_2.0/install/hesai_ros_driver/include/hesai_ros_driver/hesai_ros_driver/msg
[89.074s] -- Up-to-date: /home/betsybot/HesaiLidar_ROS_2.0/install/hesai_ros_driver/include/hesai_ros_driver/hesai_ros_driver/msg/detail
[89.074s] -- Installing: /home/betsybot/HesaiLidar_ROS_2.0/install/hesai_ros_driver/include/hesai_ros_driver/hesai_ros_driver/msg/detail/firetime__type_support.cpp
[89.074s] -- Installing: /home/betsybot/HesaiLidar_ROS_2.0/install/hesai_ros_driver/include/hesai_ros_driver/hesai_ros_driver/msg/detail/udp_frame__type_support.cpp
[89.074s] -- Installing: /home/betsybot/HesaiLidar_ROS_2.0/install/hesai_ros_driver/include/hesai_ros_driver/hesai_ros_driver/msg/detail/ptp__rosidl_typesupport_introspection_cpp.hpp
[89.074s] -- Installing: /home/betsybot/HesaiLidar_ROS_2.0/install/hesai_ros_driver/include/hesai_ros_driver/hesai_ros_driver/msg/detail/udp_packet__type_support.cpp
[89.075s] -- Installing: /home/betsybot/HesaiLidar_ROS_2.0/install/hesai_ros_driver/include/hesai_ros_driver/hesai_ros_driver/msg/detail/firetime__rosidl_typesupport_introspection_cpp.hpp
[89.075s] -- Installing: /home/betsybot/HesaiLidar_ROS_2.0/install/hesai_ros_driver/include/hesai_ros_driver/hesai_ros_driver/msg/detail/udp_frame__rosidl_typesupport_introspection_cpp.hpp
[89.075s] -- Installing: /home/betsybot/HesaiLidar_ROS_2.0/install/hesai_ros_driver/include/hesai_ros_driver/hesai_ros_driver/msg/detail/ptp__type_support.cpp
[89.075s] -- Installing: /home/betsybot/HesaiLidar_ROS_2.0/install/hesai_ros_driver/include/hesai_ros_driver/hesai_ros_driver/msg/detail/udp_packet__rosidl_typesupport_introspection_cpp.hpp
[89.075s] -- Installing: /home/betsybot/HesaiLidar_ROS_2.0/install/hesai_ros_driver/include/hesai_ros_driver/hesai_ros_driver/msg/detail/loss_packet__rosidl_typesupport_introspection_cpp.hpp
[89.076s] -- Installing: /home/betsybot/HesaiLidar_ROS_2.0/install/hesai_ros_driver/include/hesai_ros_driver/hesai_ros_driver/msg/detail/loss_packet__type_support.cpp
[89.076s] -- Installing: /home/betsybot/HesaiLidar_ROS_2.0/install/hesai_ros_driver/lib/libhesai_ros_driver__rosidl_typesupport_introspection_cpp.so
[89.076s] -- Set runtime path of "/home/betsybot/HesaiLidar_ROS_2.0/install/hesai_ros_driver/lib/libhesai_ros_driver__rosidl_typesupport_introspection_cpp.so" to ""
[89.076s] -- Installing: /home/betsybot/HesaiLidar_ROS_2.0/install/hesai_ros_driver/lib/libhesai_ros_driver__rosidl_typesupport_cpp.so
[89.076s] -- Set runtime path of "/home/betsybot/HesaiLidar_ROS_2.0/install/hesai_ros_driver/lib/libhesai_ros_driver__rosidl_typesupport_cpp.so" to ""
[89.077s] -- Installing: /home/betsybot/HesaiLidar_ROS_2.0/install/hesai_ros_driver/share/hesai_ros_driver/environment/pythonpath.sh
[89.077s] -- Installing: /home/betsybot/HesaiLidar_ROS_2.0/install/hesai_ros_driver/share/hesai_ros_driver/environment/pythonpath.dsv
[89.077s] -- Installing: /home/betsybot/HesaiLidar_ROS_2.0/install/hesai_ros_driver/local/lib/python3.10/dist-packages/hesai_ros_driver-1.5.0-py3.10.egg-info
[89.077s] -- Installing: /home/betsybot/HesaiLidar_ROS_2.0/install/hesai_ros_driver/local/lib/python3.10/dist-packages/hesai_ros_driver-1.5.0-py3.10.egg-info/top_level.txt
[89.078s] -- Installing: /home/betsybot/HesaiLidar_ROS_2.0/install/hesai_ros_driver/local/lib/python3.10/dist-packages/hesai_ros_driver-1.5.0-py3.10.egg-info/PKG-INFO
[89.078s] -- Installing: /home/betsybot/HesaiLidar_ROS_2.0/install/hesai_ros_driver/local/lib/python3.10/dist-packages/hesai_ros_driver-1.5.0-py3.10.egg-info/SOURCES.txt
[89.078s] -- Installing: /home/betsybot/HesaiLidar_ROS_2.0/install/hesai_ros_driver/local/lib/python3.10/dist-packages/hesai_ros_driver-1.5.0-py3.10.egg-info/dependency_links.txt
[89.078s] -- Installing: /home/betsybot/HesaiLidar_ROS_2.0/install/hesai_ros_driver/local/lib/python3.10/dist-packages/hesai_ros_driver
[89.078s] -- Installing: /home/betsybot/HesaiLidar_ROS_2.0/install/hesai_ros_driver/local/lib/python3.10/dist-packages/hesai_ros_driver/hesai_ros_driver_s__rosidl_typesupport_c.cpython-310-aarch64-linux-gnu.so
[89.079s] -- Installing: /home/betsybot/HesaiLidar_ROS_2.0/install/hesai_ros_driver/local/lib/python3.10/dist-packages/hesai_ros_driver/libhesai_ros_driver__rosidl_generator_py.so
[89.079s] -- Installing: /home/betsybot/HesaiLidar_ROS_2.0/install/hesai_ros_driver/local/lib/python3.10/dist-packages/hesai_ros_driver/__init__.py
[89.079s] -- Installing: /home/betsybot/HesaiLidar_ROS_2.0/install/hesai_ros_driver/local/lib/python3.10/dist-packages/hesai_ros_driver/hesai_ros_driver_s__rosidl_typesupport_fastrtps_c.cpython-310-aarch64-linux-gnu.so
[89.079s] -- Installing: /home/betsybot/HesaiLidar_ROS_2.0/install/hesai_ros_driver/local/lib/python3.10/dist-packages/hesai_ros_driver/_hesai_ros_driver_s.ep.rosidl_typesupport_fastrtps_c.c
[89.080s] -- Installing: /home/betsybot/HesaiLidar_ROS_2.0/install/hesai_ros_driver/local/lib/python3.10/dist-packages/hesai_ros_driver/hesai_ros_driver_s__rosidl_typesupport_introspection_c.cpython-310-aarch64-linux-gnu.so
[89.080s] -- Installing: /home/betsybot/HesaiLidar_ROS_2.0/install/hesai_ros_driver/local/lib/python3.10/dist-packages/hesai_ros_driver/_hesai_ros_driver_s.ep.rosidl_typesupport_c.c
[89.080s] -- Installing: /home/betsybot/HesaiLidar_ROS_2.0/install/hesai_ros_driver/local/lib/python3.10/dist-packages/hesai_ros_driver/msg
[89.080s] -- Installing: /home/betsybot/HesaiLidar_ROS_2.0/install/hesai_ros_driver/local/lib/python3.10/dist-packages/hesai_ros_driver/msg/_ptp.py
[89.080s] -- Installing: /home/betsybot/HesaiLidar_ROS_2.0/install/hesai_ros_driver/local/lib/python3.10/dist-packages/hesai_ros_driver/msg/_loss_packet_s.c
[89.081s] -- Installing: /home/betsybot/HesaiLidar_ROS_2.0/install/hesai_ros_driver/local/lib/python3.10/dist-packages/hesai_ros_driver/msg/_udp_frame_s.c
[89.081s] -- Installing: /home/betsybot/HesaiLidar_ROS_2.0/install/hesai_ros_driver/local/lib/python3.10/dist-packages/hesai_ros_driver/msg/__init__.py
[89.081s] -- Installing: /home/betsybot/HesaiLidar_ROS_2.0/install/hesai_ros_driver/local/lib/python3.10/dist-packages/hesai_ros_driver/msg/_udp_packet.py
[89.081s] -- Installing: /home/betsybot/HesaiLidar_ROS_2.0/install/hesai_ros_driver/local/lib/python3.10/dist-packages/hesai_ros_driver/msg/_udp_frame.py
[89.081s] -- Installing: /home/betsybot/HesaiLidar_ROS_2.0/install/hesai_ros_driver/local/lib/python3.10/dist-packages/hesai_ros_driver/msg/_firetime.py
[89.082s] -- Installing: /home/betsybot/HesaiLidar_ROS_2.0/install/hesai_ros_driver/local/lib/python3.10/dist-packages/hesai_ros_driver/msg/_ptp_s.c
[89.082s] -- Installing: /home/betsybot/HesaiLidar_ROS_2.0/install/hesai_ros_driver/local/lib/python3.10/dist-packages/hesai_ros_driver/msg/_udp_packet_s.c
[89.082s] -- Installing: /home/betsybot/HesaiLidar_ROS_2.0/install/hesai_ros_driver/local/lib/python3.10/dist-packages/hesai_ros_driver/msg/_firetime_s.c
[89.082s] -- Installing: /home/betsybot/HesaiLidar_ROS_2.0/install/hesai_ros_driver/local/lib/python3.10/dist-packages/hesai_ros_driver/msg/_loss_packet.py
[89.082s] -- Installing: /home/betsybot/HesaiLidar_ROS_2.0/install/hesai_ros_driver/local/lib/python3.10/dist-packages/hesai_ros_driver/_hesai_ros_driver_s.ep.rosidl_typesupport_introspection_c.c
[89.149s] Listing '/home/betsybot/HesaiLidar_ROS_2.0/install/hesai_ros_driver/local/lib/python3.10/dist-packages/hesai_ros_driver'...
[89.150s] Compiling '/home/betsybot/HesaiLidar_ROS_2.0/install/hesai_ros_driver/local/lib/python3.10/dist-packages/hesai_ros_driver/__init__.py'...
[89.150s] Listing '/home/betsybot/HesaiLidar_ROS_2.0/install/hesai_ros_driver/local/lib/python3.10/dist-packages/hesai_ros_driver/msg'...
[89.150s] Compiling '/home/betsybot/HesaiLidar_ROS_2.0/install/hesai_ros_driver/local/lib/python3.10/dist-packages/hesai_ros_driver/msg/__init__.py'...
[89.151s] Compiling '/home/betsybot/HesaiLidar_ROS_2.0/install/hesai_ros_driver/local/lib/python3.10/dist-packages/hesai_ros_driver/msg/_firetime.py'...
[89.151s] Compiling '/home/betsybot/HesaiLidar_ROS_2.0/install/hesai_ros_driver/local/lib/python3.10/dist-packages/hesai_ros_driver/msg/_loss_packet.py'...
[89.151s] Compiling '/home/betsybot/HesaiLidar_ROS_2.0/install/hesai_ros_driver/local/lib/python3.10/dist-packages/hesai_ros_driver/msg/_ptp.py'...
[89.151s] Compiling '/home/betsybot/HesaiLidar_ROS_2.0/install/hesai_ros_driver/local/lib/python3.10/dist-packages/hesai_ros_driver/msg/_udp_frame.py'...
[89.152s] Compiling '/home/betsybot/HesaiLidar_ROS_2.0/install/hesai_ros_driver/local/lib/python3.10/dist-packages/hesai_ros_driver/msg/_udp_packet.py'...
[89.161s] -- Installing: /home/betsybot/HesaiLidar_ROS_2.0/install/hesai_ros_driver/local/lib/python3.10/dist-packages/hesai_ros_driver/hesai_ros_driver_s__rosidl_typesupport_fastrtps_c.cpython-310-aarch64-linux-gnu.so
[89.162s] -- Set runtime path of "/home/betsybot/HesaiLidar_ROS_2.0/install/hesai_ros_driver/local/lib/python3.10/dist-packages/hesai_ros_driver/hesai_ros_driver_s__rosidl_typesupport_fastrtps_c.cpython-310-aarch64-linux-gnu.so" to ""
[89.162s] -- Installing: /home/betsybot/HesaiLidar_ROS_2.0/install/hesai_ros_driver/local/lib/python3.10/dist-packages/hesai_ros_driver/hesai_ros_driver_s__rosidl_typesupport_introspection_c.cpython-310-aarch64-linux-gnu.so
[89.163s] -- Set runtime path of "/home/betsybot/HesaiLidar_ROS_2.0/install/hesai_ros_driver/local/lib/python3.10/dist-packages/hesai_ros_driver/hesai_ros_driver_s__rosidl_typesupport_introspection_c.cpython-310-aarch64-linux-gnu.so" to ""
[89.163s] -- Installing: /home/betsybot/HesaiLidar_ROS_2.0/install/hesai_ros_driver/local/lib/python3.10/dist-packages/hesai_ros_driver/hesai_ros_driver_s__rosidl_typesupport_c.cpython-310-aarch64-linux-gnu.so
[89.164s] -- Set runtime path of "/home/betsybot/HesaiLidar_ROS_2.0/install/hesai_ros_driver/local/lib/python3.10/dist-packages/hesai_ros_driver/hesai_ros_driver_s__rosidl_typesupport_c.cpython-310-aarch64-linux-gnu.so" to ""
[89.164s] -- Installing: /home/betsybot/HesaiLidar_ROS_2.0/install/hesai_ros_driver/lib/libhesai_ros_driver__rosidl_generator_py.so
[89.164s] -- Set runtime path of "/home/betsybot/HesaiLidar_ROS_2.0/install/hesai_ros_driver/lib/libhesai_ros_driver__rosidl_generator_py.so" to ""
[89.165s] -- Installing: /home/betsybot/HesaiLidar_ROS_2.0/install/hesai_ros_driver/share/hesai_ros_driver/msg/UdpPacket.idl
[89.165s] -- Installing: /home/betsybot/HesaiLidar_ROS_2.0/install/hesai_ros_driver/share/hesai_ros_driver/msg/UdpFrame.idl
[89.165s] -- Installing: /home/betsybot/HesaiLidar_ROS_2.0/install/hesai_ros_driver/share/hesai_ros_driver/msg/Firetime.idl
[89.166s] -- Installing: /home/betsybot/HesaiLidar_ROS_2.0/install/hesai_ros_driver/share/hesai_ros_driver/msg/Ptp.idl
[89.166s] -- Installing: /home/betsybot/HesaiLidar_ROS_2.0/install/hesai_ros_driver/share/hesai_ros_driver/msg/LossPacket.idl
[89.166s] -- Installing: /home/betsybot/HesaiLidar_ROS_2.0/install/hesai_ros_driver/share/hesai_ros_driver/msg_ros2/UdpPacket.msg
[89.166s] -- Installing: /home/betsybot/HesaiLidar_ROS_2.0/install/hesai_ros_driver/share/hesai_ros_driver/msg_ros2/UdpFrame.msg
[89.167s] -- Installing: /home/betsybot/HesaiLidar_ROS_2.0/install/hesai_ros_driver/share/hesai_ros_driver/msg_ros2/Firetime.msg
[89.167s] -- Installing: /home/betsybot/HesaiLidar_ROS_2.0/install/hesai_ros_driver/share/hesai_ros_driver/msg_ros2/Ptp.msg
[89.167s] -- Installing: /home/betsybot/HesaiLidar_ROS_2.0/install/hesai_ros_driver/share/hesai_ros_driver/msg_ros2/LossPacket.msg
[89.167s] -- Installing: /home/betsybot/HesaiLidar_ROS_2.0/install/hesai_ros_driver/lib/hesai_ros_driver/hesai_ros_driver_node
[89.173s] -- Set runtime path of "/home/betsybot/HesaiLidar_ROS_2.0/install/hesai_ros_driver/lib/hesai_ros_driver/hesai_ros_driver_node" to ""
[89.174s] -- Installing: /home/betsybot/HesaiLidar_ROS_2.0/install/hesai_ros_driver/lib/libhesai_sdk_lib.so
[89.174s] -- Set runtime path of "/home/betsybot/HesaiLidar_ROS_2.0/install/hesai_ros_driver/lib/libhesai_sdk_lib.so" to ""
[89.175s] -- Installing: /home/betsybot/HesaiLidar_ROS_2.0/install/hesai_ros_driver/lib/liblog_lib.so
[89.175s] -- Installing: /home/betsybot/HesaiLidar_ROS_2.0/install/hesai_ros_driver/lib/liblidar_lib.so
[89.175s] -- Set runtime path of "/home/betsybot/HesaiLidar_ROS_2.0/install/hesai_ros_driver/lib/liblidar_lib.so" to ""
[89.176s] -- Installing: /home/betsybot/HesaiLidar_ROS_2.0/install/hesai_ros_driver/share/hesai_ros_driver/launch
[89.176s] -- Installing: /home/betsybot/HesaiLidar_ROS_2.0/install/hesai_ros_driver/share/hesai_ros_driver/launch/dashing_start.py
[89.176s] -- Installing: /home/betsybot/HesaiLidar_ROS_2.0/install/hesai_ros_driver/share/hesai_ros_driver/launch/start.launch
[89.177s] -- Installing: /home/betsybot/HesaiLidar_ROS_2.0/install/hesai_ros_driver/share/hesai_ros_driver/launch/start.py
[89.177s] -- Installing: /home/betsybot/HesaiLidar_ROS_2.0/install/hesai_ros_driver/share/hesai_ros_driver/rviz
[89.177s] -- Installing: /home/betsybot/HesaiLidar_ROS_2.0/install/hesai_ros_driver/share/hesai_ros_driver/rviz/rviz.rviz
[89.178s] -- Installing: /home/betsybot/HesaiLidar_ROS_2.0/install/hesai_ros_driver/share/hesai_ros_driver/rviz/rviz2.rviz
[89.178s] -- Installing: /home/betsybot/HesaiLidar_ROS_2.0/install/hesai_ros_driver/share/ament_index/resource_index/package_run_dependencies/hesai_ros_driver
[89.178s] -- Installing: /home/betsybot/HesaiLidar_ROS_2.0/install/hesai_ros_driver/share/ament_index/resource_index/parent_prefix_path/hesai_ros_driver
[89.178s] -- Installing: /home/betsybot/HesaiLidar_ROS_2.0/install/hesai_ros_driver/share/hesai_ros_driver/environment/ament_prefix_path.sh
[89.179s] -- Installing: /home/betsybot/HesaiLidar_ROS_2.0/install/hesai_ros_driver/share/hesai_ros_driver/environment/ament_prefix_path.dsv
[89.179s] -- Installing: /home/betsybot/HesaiLidar_ROS_2.0/install/hesai_ros_driver/share/hesai_ros_driver/environment/path.sh
[89.179s] -- Installing: /home/betsybot/HesaiLidar_ROS_2.0/install/hesai_ros_driver/share/hesai_ros_driver/environment/path.dsv
[89.179s] -- Installing: /home/betsybot/HesaiLidar_ROS_2.0/install/hesai_ros_driver/share/hesai_ros_driver/local_setup.bash
[89.180s] -- Installing: /home/betsybot/HesaiLidar_ROS_2.0/install/hesai_ros_driver/share/hesai_ros_driver/local_setup.sh
[89.180s] -- Installing: /home/betsybot/HesaiLidar_ROS_2.0/install/hesai_ros_driver/share/hesai_ros_driver/local_setup.zsh
[89.180s] -- Installing: /home/betsybot/HesaiLidar_ROS_2.0/install/hesai_ros_driver/share/hesai_ros_driver/local_setup.dsv
[89.181s] -- Installing: /home/betsybot/HesaiLidar_ROS_2.0/install/hesai_ros_driver/share/hesai_ros_driver/package.dsv
[89.181s] -- Installing: /home/betsybot/HesaiLidar_ROS_2.0/install/hesai_ros_driver/share/ament_index/resource_index/packages/hesai_ros_driver
[89.181s] -- Installing: /home/betsybot/HesaiLidar_ROS_2.0/install/hesai_ros_driver/share/hesai_ros_driver/cmake/export_hesai_ros_driver__rosidl_generator_cExport.cmake
[89.181s] -- Installing: /home/betsybot/HesaiLidar_ROS_2.0/install/hesai_ros_driver/share/hesai_ros_driver/cmake/export_hesai_ros_driver__rosidl_generator_cExport-release.cmake
[89.182s] -- Installing: /home/betsybot/HesaiLidar_ROS_2.0/install/hesai_ros_driver/share/hesai_ros_driver/cmake/export_hesai_ros_driver__rosidl_typesupport_fastrtps_cExport.cmake
[89.182s] -- Installing: /home/betsybot/HesaiLidar_ROS_2.0/install/hesai_ros_driver/share/hesai_ros_driver/cmake/export_hesai_ros_driver__rosidl_typesupport_fastrtps_cExport-release.cmake
[89.182s] -- Installing: /home/betsybot/HesaiLidar_ROS_2.0/install/hesai_ros_driver/share/hesai_ros_driver/cmake/export_hesai_ros_driver__rosidl_generator_cppExport.cmake
[89.182s] -- Installing: /home/betsybot/HesaiLidar_ROS_2.0/install/hesai_ros_driver/share/hesai_ros_driver/cmake/export_hesai_ros_driver__rosidl_typesupport_fastrtps_cppExport.cmake
[89.183s] -- Installing: /home/betsybot/HesaiLidar_ROS_2.0/install/hesai_ros_driver/share/hesai_ros_driver/cmake/export_hesai_ros_driver__rosidl_typesupport_fastrtps_cppExport-release.cmake
[89.183s] -- Installing: /home/betsybot/HesaiLidar_ROS_2.0/install/hesai_ros_driver/share/hesai_ros_driver/cmake/hesai_ros_driver__rosidl_typesupport_introspection_cExport.cmake
[89.183s] -- Installing: /home/betsybot/HesaiLidar_ROS_2.0/install/hesai_ros_driver/share/hesai_ros_driver/cmake/hesai_ros_driver__rosidl_typesupport_introspection_cExport-release.cmake
[89.184s] -- Installing: /home/betsybot/HesaiLidar_ROS_2.0/install/hesai_ros_driver/share/hesai_ros_driver/cmake/hesai_ros_driver__rosidl_typesupport_cExport.cmake
[89.184s] -- Installing: /home/betsybot/HesaiLidar_ROS_2.0/install/hesai_ros_driver/share/hesai_ros_driver/cmake/hesai_ros_driver__rosidl_typesupport_cExport-release.cmake
[89.184s] -- Installing: /home/betsybot/HesaiLidar_ROS_2.0/install/hesai_ros_driver/share/hesai_ros_driver/cmake/hesai_ros_driver__rosidl_typesupport_introspection_cppExport.cmake
[89.185s] -- Installing: /home/betsybot/HesaiLidar_ROS_2.0/install/hesai_ros_driver/share/hesai_ros_driver/cmake/hesai_ros_driver__rosidl_typesupport_introspection_cppExport-release.cmake
[89.185s] -- Installing: /home/betsybot/HesaiLidar_ROS_2.0/install/hesai_ros_driver/share/hesai_ros_driver/cmake/hesai_ros_driver__rosidl_typesupport_cppExport.cmake
[89.185s] -- Installing: /home/betsybot/HesaiLidar_ROS_2.0/install/hesai_ros_driver/share/hesai_ros_driver/cmake/hesai_ros_driver__rosidl_typesupport_cppExport-release.cmake
[89.185s] -- Installing: /home/betsybot/HesaiLidar_ROS_2.0/install/hesai_ros_driver/share/hesai_ros_driver/cmake/export_hesai_ros_driver__rosidl_generator_pyExport.cmake
[89.186s] -- Installing: /home/betsybot/HesaiLidar_ROS_2.0/install/hesai_ros_driver/share/hesai_ros_driver/cmake/export_hesai_ros_driver__rosidl_generator_pyExport-release.cmake
[89.186s] -- Installing: /home/betsybot/HesaiLidar_ROS_2.0/install/hesai_ros_driver/share/hesai_ros_driver/cmake/rosidl_cmake-extras.cmake
[89.186s] -- Installing: /home/betsybot/HesaiLidar_ROS_2.0/install/hesai_ros_driver/share/hesai_ros_driver/cmake/ament_cmake_export_dependencies-extras.cmake
[89.186s] -- Installing: /home/betsybot/HesaiLidar_ROS_2.0/install/hesai_ros_driver/share/hesai_ros_driver/cmake/ament_cmake_export_include_directories-extras.cmake
[89.187s] -- Installing: /home/betsybot/HesaiLidar_ROS_2.0/install/hesai_ros_driver/share/hesai_ros_driver/cmake/ament_cmake_export_libraries-extras.cmake
[89.187s] -- Installing: /home/betsybot/HesaiLidar_ROS_2.0/install/hesai_ros_driver/share/hesai_ros_driver/cmake/ament_cmake_export_targets-extras.cmake
[89.187s] -- Installing: /home/betsybot/HesaiLidar_ROS_2.0/install/hesai_ros_driver/share/hesai_ros_driver/cmake/rosidl_cmake_export_typesupport_targets-extras.cmake
[89.188s] -- Installing: /home/betsybot/HesaiLidar_ROS_2.0/install/hesai_ros_driver/share/hesai_ros_driver/cmake/rosidl_cmake_export_typesupport_libraries-extras.cmake
[89.188s] -- Installing: /home/betsybot/HesaiLidar_ROS_2.0/install/hesai_ros_driver/share/hesai_ros_driver/cmake/hesai_ros_driverConfig.cmake
[89.188s] -- Installing: /home/betsybot/HesaiLidar_ROS_2.0/install/hesai_ros_driver/share/hesai_ros_driver/cmake/hesai_ros_driverConfig-version.cmake
[89.188s] -- Installing: /home/betsybot/HesaiLidar_ROS_2.0/install/hesai_ros_driver/share/hesai_ros_driver/package.xml
[89.197s] Invoked command in '/home/betsybot/HesaiLidar_ROS_2.0/build/hesai_ros_driver' returned '0': CFLAGS=-I/usr/local/lib/python3.x/dist-packages/numpy/core/include/ CMAKE_PREFIX_PATH=${CMAKE_PREFIX_PATH}:/opt/ros/humble /usr/bin/cmake --install /home/betsybot/HesaiLidar_ROS_2.0/build/hesai_ros_driver
